2015-08-10 10:27:01 -0700 WARNING: could not resolve compat version from '2.2.2' will use default
java.lang.IllegalArgumentException: No enum constant org.jruby.CompatVersion.RUBY2_2
	at java.lang.Enum.valueOf(Enum.java:238)
	at org.jruby.rack.DefaultRackConfig.getCompatVersion(DefaultRackConfig.java:87)
	at org.jruby.rack.DefaultRackApplicationFactory.initRuntimeConfig(DefaultRackApplicationFactory.java:306)
	at org.jruby.rack.DefaultRackApplicationFactory.createRuntimeConfig(DefaultRackApplicationFactory.java:252)
	at org.jruby.rack.DefaultRackApplicationFactory.init(DefaultRackApplicationFactory.java:87)
	at org.jruby.rack.RackApplicationFactoryDecorator.doInit(RackApplicationFactoryDecorator.java:112)
	at org.jruby.rack.PoolingRackApplicationFactory.doInit(PoolingRackApplicationFactory.java:111)
	at org.jruby.rack.RackApplicationFactoryDecorator.init(RackApplicationFactoryDecorator.java:100)
	at org.jruby.rack.RackServletContextListener.contextInitialized(RackServletContextListener.java:50)
	at org.apache.catalina.core.StandardContext.listenerStart(StandardContext.java:4992)
	at org.apache.catalina.core.StandardContext.startInternal(StandardContext.java:5490)
	at org.apache.catalina.util.LifecycleBase.start(LifecycleBase.java:150)
	at org.apache.catalina.core.ContainerBase$StartChild.call(ContainerBase.java:1575)
	at org.apache.catalina.core.ContainerBase$StartChild.call(ContainerBase.java:1565)
	at java.util.concurrent.FutureTask.run(FutureTask.java:266)
	at java.util.concurrent.ThreadPoolExecutor.runWorker(ThreadPoolExecutor.java:1142)
	at java.util.concurrent.ThreadPoolExecutor$Worker.run(ThreadPoolExecutor.java:617)
	at java.lang.Thread.run(Thread.java:745)

2015-08-10 10:27:01 -0700 INFO: jruby 9.0.0.0 (2.2.2) 2015-07-21 e10ec96 Java HotSpot(TM) 64-Bit Server VM 25.20-b23 on 1.8.0_20-b26 +jit [Windows 8.1-amd64]
2015-08-10 10:27:01 -0700 INFO: using 1:5 runtime pool with acquire timeout of 5.0 seconds
2015-08-10 10:27:02 -0700 WARNING: could not resolve compat version from '2.2.2' will use default
java.lang.IllegalArgumentException: No enum constant org.jruby.CompatVersion.RUBY2_2
	at java.lang.Enum.valueOf(Enum.java:238)
	at org.jruby.rack.DefaultRackConfig.getCompatVersion(DefaultRackConfig.java:87)
	at sun.reflect.NativeMethodAccessorImpl.invoke0(Native Method)
	at sun.reflect.NativeMethodAccessorImpl.invoke(NativeMethodAccessorImpl.java:62)
	at sun.reflect.DelegatingMethodAccessorImpl.invoke(DelegatingMethodAccessorImpl.java:43)
	at java.lang.reflect.Method.invoke(Method.java:483)
	at org.jruby.javasupport.JavaMethod.invokeDirectWithExceptionHandling(JavaMethod.java:442)
	at org.jruby.javasupport.JavaMethod.invokeDirect(JavaMethod.java:306)
	at org.jruby.java.invokers.InstanceMethodInvoker.call(InstanceMethodInvoker.java:35)
	at org.jruby.java.invokers.InstanceMethodInvoker.call(InstanceMethodInvoker.java:103)
	at org.jruby.internal.runtime.methods.AliasMethod.call(AliasMethod.java:81)
	at org.jruby.RubyClass.finvoke(RubyClass.java:520)
	at org.jruby.RubyBasicObject.send19(RubyBasicObject.java:1602)
	at org.jruby.RubyKernel.send19(RubyKernel.java:1998)
	at org.jruby.RubyKernel$INVOKER$s$send19.call(RubyKernel$INVOKER$s$send19.gen)
	at org.jruby.internal.runtime.methods.JavaMethod$JavaMethodOneOrNBlock.call(JavaMethod.java:364)
	at org.jruby.runtime.callsite.CachingCallSite.cacheAndCall(CachingCallSite.java:313)
	at org.jruby.runtime.callsite.CachingCallSite.call(CachingCallSite.java:163)
	at org.jruby.ir.interpreter.InterpreterEngine.processCall(InterpreterEngine.java:289)
	at org.jruby.ir.interpreter.StartupInterpreterEngine.interpret(StartupInterpreterEngine.java:77)
	at org.jruby.ir.interpreter.Interpreter.INTERPRET_BLOCK(Interpreter.java:136)
	at org.jruby.runtime.InterpretedIRBlockBody.commonYieldPath(InterpretedIRBlockBody.java:118)
	at org.jruby.runtime.IRBlockBody.doYield(IRBlockBody.java:139)
	at org.jruby.runtime.BlockBody.yield(BlockBody.java:77)
	at org.jruby.runtime.Block.yield(Block.java:147)
	at org.jruby.RubyArray.collect(RubyArray.java:2286)
	at org.jruby.RubyArray.map19(RubyArray.java:2300)
	at org.jruby.RubyArray$INVOKER$i$0$0$map19.call(RubyArray$INVOKER$i$0$0$map19.gen)
	at org.jruby.internal.runtime.methods.JavaMethod$JavaMethodZeroBlock.call(JavaMethod.java:472)
	at org.jruby.runtime.callsite.CachingCallSite.cacheAndCall(CachingCallSite.java:273)
	at org.jruby.runtime.callsite.CachingCallSite.callBlock(CachingCallSite.java:79)
	at org.jruby.runtime.callsite.CachingCallSite.call(CachingCallSite.java:83)
	at org.jruby.ir.instructions.CallBase.interpret(CallBase.java:419)
	at org.jruby.ir.interpreter.InterpreterEngine.processCall(InterpreterEngine.java:321)
	at org.jruby.ir.interpreter.StartupInterpreterEngine.interpret(StartupInterpreterEngine.java:77)
	at org.jruby.internal.runtime.methods.MixedModeIRMethod.INTERPRET_METHOD(MixedModeIRMethod.java:128)
	at org.jruby.internal.runtime.methods.MixedModeIRMethod.call(MixedModeIRMethod.java:114)
	at org.jruby.ir.runtime.IRRuntimeHelpers.unresolvedSuper(IRRuntimeHelpers.java:929)
	at org.jruby.ir.instructions.UnresolvedSuperInstr.interpret(UnresolvedSuperInstr.java:83)
	at org.jruby.ir.interpreter.InterpreterEngine.processCall(InterpreterEngine.java:321)
	at org.jruby.ir.interpreter.StartupInterpreterEngine.interpret(StartupInterpreterEngine.java:77)
	at org.jruby.ir.interpreter.InterpreterEngine.interpret(InterpreterEngine.java:76)
	at org.jruby.internal.runtime.methods.MixedModeIRMethod.INTERPRET_METHOD(MixedModeIRMethod.java:163)
	at org.jruby.internal.runtime.methods.MixedModeIRMethod.call(MixedModeIRMethod.java:149)
	at org.jruby.internal.runtime.methods.DynamicMethod.call(DynamicMethod.java:193)
	at org.jruby.RubyClass.finvoke(RubyClass.java:616)
	at org.jruby.runtime.Helpers.invoke(Helpers.java:399)
	at org.jruby.RubyBasicObject.callMethod(RubyBasicObject.java:365)
	at org.jruby.rack.DefaultRackApplicationFactory.captureMessage(DefaultRackApplicationFactory.java:483)
	at org.jruby.rack.DefaultRackApplicationFactory.access$000(DefaultRackApplicationFactory.java:43)
	at org.jruby.rack.DefaultRackApplicationFactory$RackApplicationImpl.init(DefaultRackApplicationFactory.java:448)
	at org.jruby.rack.PoolingRackApplicationFactory.initAndPutApplicationToPool(PoolingRackApplicationFactory.java:310)
	at org.jruby.rack.PoolingRackApplicationFactory.access$000(PoolingRackApplicationFactory.java:44)
	at org.jruby.rack.PoolingRackApplicationFactory$1.run(PoolingRackApplicationFactory.java:300)
	at java.lang.Thread.run(Thread.java:745)

2015-08-10 10:27:02 -0700 INFO: An exception happened during JRuby-Rack startup
no such file to load -- bundler/setup
--- System
jruby 9.0.0.0 (2.2.2) 2015-07-21 e10ec96 Java HotSpot(TM) 64-Bit Server VM 25.20-b23 on 1.8.0_20-b26 +jit [Windows 8.1-amd64]
Time: 2015-08-10 10:27:02 -0700
Server: Apache Tomcat/7.0.55
jruby.home: C:\jruby-9.0.0.0

--- Context Init Parameters:
jruby.compat.version = 2.2.2
jruby.initial.runtimes = 1
jruby.max.runtimes = 5
jruby.min.runtimes = 1
jruby.rack.error = false
jruby.rack.layout_class = JRuby::Rack::FileSystemLayout
jruby.rack.logging = JUL
jruby.rack.logging.name = org.apache.catalina.core.ContainerBase.[Tomcat].[localhost].[default]
jruby.runtime.acquire.timeout = 5.0
public.root = public
rails.env = development
rails.root = C:/dev/RoR/HU

--- Backtrace
LoadError: no such file to load -- bundler/setup
           require at org/jruby/RubyKernel.java:940
           require at C:/jruby-9.0.0.0/lib/ruby/stdlib/rubygems/core_ext/kernel_require.rb:54
             <top> at C:/dev/RoR/HU/config/boot.rb:3
           require at org/jruby/RubyKernel.java:940
            (root) at C:/jruby-9.0.0.0/lib/ruby/stdlib/rubygems/core_ext/kernel_require.rb:1
           require at C:/jruby-9.0.0.0/lib/ruby/stdlib/rubygems/core_ext/kernel_require.rb:54
  load_environment at uri:classloader:/jruby/rack/rails/environment3.rb:23
             <top> at uri:classloader:/jruby/rack/rails_booter.rb:83

--- RubyGems
Gem.dir: C:/jruby-9.0.0.0/lib/ruby/gems/shared
Gem.path:
C:/Users/Darren/.gem/jruby/2.2.0
C:/jruby-9.0.0.0/lib/ruby/gems/shared
Activated gems:

--- Bundler
undefined method `bundle_path' for Bundler:Module

--- JRuby-Rack Config
compat_version = 
default_logger = org.jruby.rack.logging.StandardOutLogger@157d68e2
equals = <error: >
err = java.io.PrintStream@4e23c2b9
filter_adds_html = true
filter_verifies_resource = false
ignore_environment = false
initial_memory_buffer_size = 
initial_runtimes = 1
jms_connection_factory = 
jms_jndi_properties = 
logger = org.jruby.rack.logging.JulLogger@219b509b
logger_class_name = JUL
logger_name = org.apache.catalina.core.ContainerBase.[Tomcat].[localhost].[default]
maximum_memory_buffer_size = 
maximum_runtimes = 5
num_initializer_threads = 
out = java.io.PrintStream@4fcae1fa
rackup = 
rackup_path = 
rewindable = true
runtime_arguments = 
runtime_environment = 
runtime_timeout_seconds = 
serial_initialization = false
servlet_context = org.apache.catalina.core.ApplicationContextFacade@13193b3c
throw_init_exception = true

--- $LOAD_PATH:
C:/jruby-9.0.0.0/lib/ruby/2.2/site_ruby
C:/jruby-9.0.0.0/lib/ruby/stdlib

2015-08-10 10:27:02 -0700 SEVERE: unable to initialize application
org.jruby.exceptions.RaiseException: (LoadError) no such file to load -- bundler/setup
	at org.jruby.RubyKernel.require(org/jruby/RubyKernel.java:940)
	at RUBY.require(C:/jruby-9.0.0.0/lib/ruby/stdlib/rubygems/core_ext/kernel_require.rb:54)
	at RUBY.<top>(C:/dev/RoR/HU/config/boot.rb:3)
	at org.jruby.RubyKernel.require(org/jruby/RubyKernel.java:940)
	at RUBY.(root)(C:/jruby-9.0.0.0/lib/ruby/stdlib/rubygems/core_ext/kernel_require.rb:1)
	at RUBY.require(C:/jruby-9.0.0.0/lib/ruby/stdlib/rubygems/core_ext/kernel_require.rb:54)
	at RUBY.load_environment(uri:classloader:/jruby/rack/rails/environment3.rb:23)
	at RUBY.<top>(uri:classloader:/jruby/rack/rails_booter.rb:83)

2015-08-10 10:27:02 -0700 INFO: added application to pool, size now = 1
2015-08-10 10:27:02 -0700 SEVERE: Exception sending context initialized event to listener instance of class org.jruby.rack.rails.RailsServletContextListener
org.jruby.rack.RackInitializationException: no such file to load -- bundler/setup
	from org/jruby/RubyKernel.java:940:in `require'
	from C:/jruby-9.0.0.0/lib/ruby/stdlib/rubygems/core_ext/kernel_require.rb:54:in `require'
	from C:/dev/RoR/HU/config/boot.rb:3:in `<top>'
	from org/jruby/RubyKernel.java:940:in `require'
	from C:/jruby-9.0.0.0/lib/ruby/stdlib/rubygems/core_ext/kernel_require.rb:1:in `(root)'
	from C:/jruby-9.0.0.0/lib/ruby/stdlib/rubygems/core_ext/kernel_require.rb:54:in `require'
	from uri:classloader:/jruby/rack/rails/environment3.rb:23:in `load_environment'
	from uri:classloader:/jruby/rack/rails_booter.rb:83:in `<top>'

	at org.jruby.rack.RackInitializationException.wrap(RackInitializationException.java:29)
	at org.jruby.rack.RackApplicationFactoryDecorator.init(RackApplicationFactoryDecorator.java:104)
	at org.jruby.rack.RackServletContextListener.contextInitialized(RackServletContextListener.java:50)
	at org.apache.catalina.core.StandardContext.listenerStart(StandardContext.java:4992)
	at org.apache.catalina.core.StandardContext.startInternal(StandardContext.java:5490)
	at org.apache.catalina.util.LifecycleBase.start(LifecycleBase.java:150)
	at org.apache.catalina.core.ContainerBase$StartChild.call(ContainerBase.java:1575)
	at org.apache.catalina.core.ContainerBase$StartChild.call(ContainerBase.java:1565)
	at java.util.concurrent.FutureTask.run(FutureTask.java:266)
	at java.util.concurrent.ThreadPoolExecutor.runWorker(ThreadPoolExecutor.java:1142)
	at java.util.concurrent.ThreadPoolExecutor$Worker.run(ThreadPoolExecutor.java:617)
	at java.lang.Thread.run(Thread.java:745)
Caused by: org.jruby.exceptions.RaiseException: (LoadError) no such file to load -- bundler/setup
	at org.jruby.RubyKernel.require(org/jruby/RubyKernel.java:940)
	at RUBY.require(C:/jruby-9.0.0.0/lib/ruby/stdlib/rubygems/core_ext/kernel_require.rb:54)
	at RUBY.<top>(C:/dev/RoR/HU/config/boot.rb:3)
	at org.jruby.RubyKernel.require(org/jruby/RubyKernel.java:940)
	at RUBY.(root)(C:/jruby-9.0.0.0/lib/ruby/stdlib/rubygems/core_ext/kernel_require.rb:1)
	at RUBY.require(C:/jruby-9.0.0.0/lib/ruby/stdlib/rubygems/core_ext/kernel_require.rb:54)
	at RUBY.load_environment(uri:classloader:/jruby/rack/rails/environment3.rb:23)
	at RUBY.<top>(uri:classloader:/jruby/rack/rails_booter.rb:83)

2015-08-10 10:39:27 -0700 WARNING: could not resolve compat version from '2.2.2' will use default
java.lang.IllegalArgumentException: No enum constant org.jruby.CompatVersion.RUBY2_2
	at java.lang.Enum.valueOf(Enum.java:238)
	at org.jruby.rack.DefaultRackConfig.getCompatVersion(DefaultRackConfig.java:87)
	at org.jruby.rack.DefaultRackApplicationFactory.initRuntimeConfig(DefaultRackApplicationFactory.java:306)
	at org.jruby.rack.DefaultRackApplicationFactory.createRuntimeConfig(DefaultRackApplicationFactory.java:252)
	at org.jruby.rack.DefaultRackApplicationFactory.init(DefaultRackApplicationFactory.java:87)
	at org.jruby.rack.RackApplicationFactoryDecorator.doInit(RackApplicationFactoryDecorator.java:112)
	at org.jruby.rack.PoolingRackApplicationFactory.doInit(PoolingRackApplicationFactory.java:111)
	at org.jruby.rack.RackApplicationFactoryDecorator.init(RackApplicationFactoryDecorator.java:100)
	at org.jruby.rack.RackServletContextListener.contextInitialized(RackServletContextListener.java:50)
	at org.apache.catalina.core.StandardContext.listenerStart(StandardContext.java:4992)
	at org.apache.catalina.core.StandardContext.startInternal(StandardContext.java:5490)
	at org.apache.catalina.util.LifecycleBase.start(LifecycleBase.java:150)
	at org.apache.catalina.core.ContainerBase$StartChild.call(ContainerBase.java:1575)
	at org.apache.catalina.core.ContainerBase$StartChild.call(ContainerBase.java:1565)
	at java.util.concurrent.FutureTask.run(FutureTask.java:266)
	at java.util.concurrent.ThreadPoolExecutor.runWorker(ThreadPoolExecutor.java:1142)
	at java.util.concurrent.ThreadPoolExecutor$Worker.run(ThreadPoolExecutor.java:617)
	at java.lang.Thread.run(Thread.java:745)

2015-08-10 10:39:27 -0700 INFO: jruby 9.0.0.0 (2.2.2) 2015-07-21 e10ec96 Java HotSpot(TM) 64-Bit Server VM 25.20-b23 on 1.8.0_20-b26 +jit [Windows 8.1-amd64]
2015-08-10 10:39:27 -0700 INFO: using 1:5 runtime pool with acquire timeout of 5.0 seconds
2015-08-10 10:39:30 -0700 WARNING: could not resolve compat version from '2.2.2' will use default
java.lang.IllegalArgumentException: No enum constant org.jruby.CompatVersion.RUBY2_2
	at java.lang.Enum.valueOf(Enum.java:238)
	at org.jruby.rack.DefaultRackConfig.getCompatVersion(DefaultRackConfig.java:87)
	at sun.reflect.NativeMethodAccessorImpl.invoke0(Native Method)
	at sun.reflect.NativeMethodAccessorImpl.invoke(NativeMethodAccessorImpl.java:62)
	at sun.reflect.DelegatingMethodAccessorImpl.invoke(DelegatingMethodAccessorImpl.java:43)
	at java.lang.reflect.Method.invoke(Method.java:483)
	at org.jruby.javasupport.JavaMethod.invokeDirectWithExceptionHandling(JavaMethod.java:442)
	at org.jruby.javasupport.JavaMethod.invokeDirect(JavaMethod.java:306)
	at org.jruby.java.invokers.InstanceMethodInvoker.call(InstanceMethodInvoker.java:35)
	at org.jruby.java.invokers.InstanceMethodInvoker.call(InstanceMethodInvoker.java:103)
	at org.jruby.internal.runtime.methods.AliasMethod.call(AliasMethod.java:81)
	at org.jruby.RubyClass.finvoke(RubyClass.java:520)
	at org.jruby.RubyBasicObject.send19(RubyBasicObject.java:1602)
	at org.jruby.RubyKernel.send19(RubyKernel.java:1998)
	at org.jruby.RubyKernel$INVOKER$s$send19.call(RubyKernel$INVOKER$s$send19.gen)
	at org.jruby.internal.runtime.methods.JavaMethod$JavaMethodOneOrNBlock.call(JavaMethod.java:364)
	at org.jruby.runtime.callsite.CachingCallSite.cacheAndCall(CachingCallSite.java:313)
	at org.jruby.runtime.callsite.CachingCallSite.call(CachingCallSite.java:163)
	at org.jruby.ir.interpreter.InterpreterEngine.processCall(InterpreterEngine.java:289)
	at org.jruby.ir.interpreter.StartupInterpreterEngine.interpret(StartupInterpreterEngine.java:77)
	at org.jruby.ir.interpreter.Interpreter.INTERPRET_BLOCK(Interpreter.java:136)
	at org.jruby.runtime.InterpretedIRBlockBody.commonYieldPath(InterpretedIRBlockBody.java:118)
	at org.jruby.runtime.IRBlockBody.doYield(IRBlockBody.java:139)
	at org.jruby.runtime.BlockBody.yield(BlockBody.java:77)
	at org.jruby.runtime.Block.yield(Block.java:147)
	at org.jruby.RubyArray.collect(RubyArray.java:2286)
	at org.jruby.RubyArray.map19(RubyArray.java:2300)
	at org.jruby.RubyArray$INVOKER$i$0$0$map19.call(RubyArray$INVOKER$i$0$0$map19.gen)
	at org.jruby.internal.runtime.methods.JavaMethod$JavaMethodZeroBlock.call(JavaMethod.java:472)
	at org.jruby.runtime.callsite.CachingCallSite.cacheAndCall(CachingCallSite.java:273)
	at org.jruby.runtime.callsite.CachingCallSite.callBlock(CachingCallSite.java:79)
	at org.jruby.runtime.callsite.CachingCallSite.call(CachingCallSite.java:83)
	at org.jruby.ir.instructions.CallBase.interpret(CallBase.java:419)
	at org.jruby.ir.interpreter.InterpreterEngine.processCall(InterpreterEngine.java:321)
	at org.jruby.ir.interpreter.StartupInterpreterEngine.interpret(StartupInterpreterEngine.java:77)
	at org.jruby.ir.interpreter.InterpreterEngine.interpret(InterpreterEngine.java:76)
	at org.jruby.internal.runtime.methods.MixedModeIRMethod.INTERPRET_METHOD(MixedModeIRMethod.java:163)
	at org.jruby.internal.runtime.methods.MixedModeIRMethod.call(MixedModeIRMethod.java:149)
	at org.jruby.internal.runtime.methods.DynamicMethod.call(DynamicMethod.java:193)
	at org.jruby.RubyClass.finvoke(RubyClass.java:616)
	at org.jruby.runtime.Helpers.invoke(Helpers.java:399)
	at org.jruby.RubyBasicObject.callMethod(RubyBasicObject.java:365)
	at org.jruby.rack.DefaultRackApplicationFactory.captureMessage(DefaultRackApplicationFactory.java:483)
	at org.jruby.rack.DefaultRackApplicationFactory.access$000(DefaultRackApplicationFactory.java:43)
	at org.jruby.rack.DefaultRackApplicationFactory$RackApplicationImpl.init(DefaultRackApplicationFactory.java:448)
	at org.jruby.rack.PoolingRackApplicationFactory.initAndPutApplicationToPool(PoolingRackApplicationFactory.java:310)
	at org.jruby.rack.PoolingRackApplicationFactory.access$000(PoolingRackApplicationFactory.java:44)
	at org.jruby.rack.PoolingRackApplicationFactory$1.run(PoolingRackApplicationFactory.java:300)
	at java.lang.Thread.run(Thread.java:745)

2015-08-10 10:39:30 -0700 INFO: An exception happened during JRuby-Rack startup
exit
--- System
jruby 9.0.0.0 (2.2.2) 2015-07-21 e10ec96 Java HotSpot(TM) 64-Bit Server VM 25.20-b23 on 1.8.0_20-b26 +jit [Windows 8.1-amd64]
Time: 2015-08-10 10:39:29 -0700
Server: Apache Tomcat/7.0.55
jruby.home: C:\jruby-9.0.0.0

--- Context Init Parameters:
jruby.compat.version = 2.2.2
jruby.initial.runtimes = 1
jruby.max.runtimes = 5
jruby.min.runtimes = 1
jruby.rack.error = false
jruby.rack.layout_class = JRuby::Rack::FileSystemLayout
jruby.rack.logging = JUL
jruby.rack.logging.name = org.apache.catalina.core.ContainerBase.[Tomcat].[localhost].[default]
jruby.runtime.acquire.timeout = 5.0
public.root = public
rails.env = development
rails.root = C:/dev/RoR/HU

--- Backtrace
SystemExit: exit
     exit at org/jruby/RubyKernel.java:705
     exit at org/jruby/RubyKernel.java:668
    <top> at C:/jruby-9.0.0.0/lib/ruby/gems/shared/gems/bundler-1.10.6/lib/bundler/setup.rb:15
  require at org/jruby/RubyKernel.java:940
   (root) at C:/jruby-9.0.0.0/lib/ruby/stdlib/rubygems/core_ext/kernel_require.rb:1
    <top> at C:/jruby-9.0.0.0/lib/ruby/stdlib/rubygems/core_ext/kernel_require.rb:128
  require at org/jruby/RubyKernel.java:940
   (root) at C:/dev/RoR/HU/config/boot.rb:3
   (root) at C:/jruby-9.0.0.0/lib/ruby/stdlib/rubygems/core_ext/kernel_require.rb:1
  require at C:/jruby-9.0.0.0/lib/ruby/stdlib/rubygems/core_ext/kernel_require.rb:54
    <top> at uri:classloader:/jruby/rack/rails/environment3.rb:23

--- RubyGems
Gem.dir: C:/jruby-9.0.0.0/lib/ruby/gems/shared
Gem.path:
C:/jruby-9.0.0.0/lib/ruby/gems/shared
C:/Users/Darren/.gem/jruby/2.2.0
Activated gems:
  bundler-1.10.6

--- Bundler
Bundler.bundle_path: C:/jruby-9.0.0.0/lib/ruby/gems/shared
Bundler.root: C:/dev/RoR/HU
Gemfile: C:/dev/RoR/HU/Gemfile
Settings:
  gemfile = C:/dev/RoR/HU/Gemfile

--- JRuby-Rack Config
compat_version = 
default_logger = org.jruby.rack.logging.StandardOutLogger@a00435f
equals = <error: >
err = java.io.PrintStream@455dd428
filter_adds_html = true
filter_verifies_resource = false
ignore_environment = false
initial_memory_buffer_size = 
initial_runtimes = 1
jms_connection_factory = 
jms_jndi_properties = 
logger = org.jruby.rack.logging.JulLogger@c7d360e
logger_class_name = JUL
logger_name = org.apache.catalina.core.ContainerBase.[Tomcat].[localhost].[default]
maximum_memory_buffer_size = 
maximum_runtimes = 5
num_initializer_threads = 
out = java.io.PrintStream@7f9e74f7
rackup = 
rackup_path = 
rewindable = true
runtime_arguments = 
runtime_environment = 
runtime_timeout_seconds = 
serial_initialization = false
servlet_context = org.apache.catalina.core.ApplicationContextFacade@629a0bf2
throw_init_exception = true

2015-08-10 10:39:30 -0700 SEVERE: unable to initialize application
org.jruby.exceptions.RaiseException: (SystemExit) exit
	at org.jruby.RubyKernel.exit(org/jruby/RubyKernel.java:705)
	at org.jruby.RubyKernel.exit(org/jruby/RubyKernel.java:668)
	at RUBY.<top>(C:/jruby-9.0.0.0/lib/ruby/gems/shared/gems/bundler-1.10.6/lib/bundler/setup.rb:15)
	at org.jruby.RubyKernel.require(org/jruby/RubyKernel.java:940)
	at RUBY.(root)(C:/jruby-9.0.0.0/lib/ruby/stdlib/rubygems/core_ext/kernel_require.rb:1)
	at RUBY.<top>(C:/jruby-9.0.0.0/lib/ruby/stdlib/rubygems/core_ext/kernel_require.rb:128)
	at org.jruby.RubyKernel.require(org/jruby/RubyKernel.java:940)
	at RUBY.(root)(C:/dev/RoR/HU/config/boot.rb:3)
	at RUBY.(root)(C:/jruby-9.0.0.0/lib/ruby/stdlib/rubygems/core_ext/kernel_require.rb:1)
	at RUBY.require(C:/jruby-9.0.0.0/lib/ruby/stdlib/rubygems/core_ext/kernel_require.rb:54)
	at RUBY.<top>(uri:classloader:/jruby/rack/rails/environment3.rb:23)

2015-08-10 10:39:30 -0700 INFO: added application to pool, size now = 1
2015-08-10 10:39:30 -0700 SEVERE: Exception sending context initialized event to listener instance of class org.jruby.rack.rails.RailsServletContextListener
org.jruby.rack.RackInitializationException: exit
	from org/jruby/RubyKernel.java:705:in `exit'
	from org/jruby/RubyKernel.java:668:in `exit'
	from C:/jruby-9.0.0.0/lib/ruby/gems/shared/gems/bundler-1.10.6/lib/bundler/setup.rb:15:in `<top>'
	from org/jruby/RubyKernel.java:940:in `require'
	from C:/jruby-9.0.0.0/lib/ruby/stdlib/rubygems/core_ext/kernel_require.rb:1:in `(root)'
	from C:/jruby-9.0.0.0/lib/ruby/stdlib/rubygems/core_ext/kernel_require.rb:128:in `<top>'
	from org/jruby/RubyKernel.java:940:in `require'
	from C:/dev/RoR/HU/config/boot.rb:3:in `(root)'
	from C:/jruby-9.0.0.0/lib/ruby/stdlib/rubygems/core_ext/kernel_require.rb:1:in `(root)'
	from C:/jruby-9.0.0.0/lib/ruby/stdlib/rubygems/core_ext/kernel_require.rb:54:in `require'
	from uri:classloader:/jruby/rack/rails/environment3.rb:23:in `<top>'

	at org.jruby.rack.RackInitializationException.wrap(RackInitializationException.java:29)
	at org.jruby.rack.RackApplicationFactoryDecorator.init(RackApplicationFactoryDecorator.java:104)
	at org.jruby.rack.RackServletContextListener.contextInitialized(RackServletContextListener.java:50)
	at org.apache.catalina.core.StandardContext.listenerStart(StandardContext.java:4992)
	at org.apache.catalina.core.StandardContext.startInternal(StandardContext.java:5490)
	at org.apache.catalina.util.LifecycleBase.start(LifecycleBase.java:150)
	at org.apache.catalina.core.ContainerBase$StartChild.call(ContainerBase.java:1575)
	at org.apache.catalina.core.ContainerBase$StartChild.call(ContainerBase.java:1565)
	at java.util.concurrent.FutureTask.run(FutureTask.java:266)
	at java.util.concurrent.ThreadPoolExecutor.runWorker(ThreadPoolExecutor.java:1142)
	at java.util.concurrent.ThreadPoolExecutor$Worker.run(ThreadPoolExecutor.java:617)
	at java.lang.Thread.run(Thread.java:745)
Caused by: org.jruby.exceptions.RaiseException: (SystemExit) exit
	at org.jruby.RubyKernel.exit(org/jruby/RubyKernel.java:705)
	at org.jruby.RubyKernel.exit(org/jruby/RubyKernel.java:668)
	at RUBY.<top>(C:/jruby-9.0.0.0/lib/ruby/gems/shared/gems/bundler-1.10.6/lib/bundler/setup.rb:15)
	at org.jruby.RubyKernel.require(org/jruby/RubyKernel.java:940)
	at RUBY.(root)(C:/jruby-9.0.0.0/lib/ruby/stdlib/rubygems/core_ext/kernel_require.rb:1)
	at RUBY.<top>(C:/jruby-9.0.0.0/lib/ruby/stdlib/rubygems/core_ext/kernel_require.rb:128)
	at org.jruby.RubyKernel.require(org/jruby/RubyKernel.java:940)
	at RUBY.(root)(C:/dev/RoR/HU/config/boot.rb:3)
	at RUBY.(root)(C:/jruby-9.0.0.0/lib/ruby/stdlib/rubygems/core_ext/kernel_require.rb:1)
	at RUBY.require(C:/jruby-9.0.0.0/lib/ruby/stdlib/rubygems/core_ext/kernel_require.rb:54)
	at RUBY.<top>(uri:classloader:/jruby/rack/rails/environment3.rb:23)



Started GET "/" for ::1 at 2015-08-11 11:37:38 -0700
  [1m[36mActiveRecord::SchemaMigration Load (48.0ms)[0m  [1mSELECT `schema_migrations`.* FROM `schema_migrations`[0m
Processing by HomeController#index as HTML
  [1m[35mQuestion Load (43.1ms)[0m  SELECT `questions`.* FROM `questions`  ORDER BY `questions`.`created_at` DESC
  Rendered home/index.html.erb within layouts/application (202.1ms)
  Rendered home/_navbar.html.erb (0.0ms)
  Rendered home/_new_question_form.html.erb (1.0ms)
Completed 200 OK in 1594ms (Views: 1390.6ms | ActiveRecord: 67.0ms)


Started GET "/assets/answers.self-e3b0c44298fc1c149afbf4c8996fb92427ae41e4649b934ca495991b7852b855.css?body=1" for ::1 at 2015-08-11 11:37:44 -0700


Started GET "/assets/home.self-43c776561018d81dd7b760573fa44024c0f501d98c33c0f3887ffe7373ff3cad.css?body=1" for ::1 at 2015-08-11 11:37:44 -0700


Started GET "/assets/questions.self-e3b0c44298fc1c149afbf4c8996fb92427ae41e4649b934ca495991b7852b855.css?body=1" for ::1 at 2015-08-11 11:37:44 -0700


Started GET "/assets/application.self-e80e8f2318043e8af94dddc2adad5a4f09739a8ebb323b3ab31cd71d45fd9113.css?body=1" for ::1 at 2015-08-11 11:37:44 -0700


Started GET "/assets/jquery.self-d03a5518f45df77341bdbe6201ba3bfa547ebba8ed64f0ea56bfa5f96ea7c074.js?body=1" for ::1 at 2015-08-11 11:37:44 -0700


Started GET "/assets/jquery_ujs.self-8e98a7a072a6cee1372d19fff9ff3e6aa1e39a37d89d6f06861637d061113ee7.js?body=1" for ::1 at 2015-08-11 11:37:44 -0700


Started GET "/assets/turbolinks.self-c37727e9bd6b2735da5c311aa83fead54ed0be6cc8bd9a65309e9c5abe2cbfff.js?body=1" for ::1 at 2015-08-11 11:37:44 -0700


Started GET "/assets/answers.self-877aef30ae1b040ab8a3aba4e3e309a11d7f2612f44dde450b5c157aa5f95c05.js?body=1" for ::1 at 2015-08-11 11:37:44 -0700


Started GET "/assets/questions.self-877aef30ae1b040ab8a3aba4e3e309a11d7f2612f44dde450b5c157aa5f95c05.js?body=1" for ::1 at 2015-08-11 11:37:44 -0700


Started GET "/assets/application.self-3a3c8b61bda630ee689740ce7cbd0dd8ea6fdd45e2c42eef4661ab38cf268afe.js?body=1" for ::1 at 2015-08-11 11:37:44 -0700


Started GET "/assets/home.self-b84f0ff576209eb6985d19f332dcb4c8388c7702962eed008059a695db7d8312.js?body=1" for ::1 at 2015-08-11 11:37:44 -0700


Started GET "/" for ::1 at 2015-08-13 09:20:34 -0700
  [1m[36mActiveRecord::SchemaMigration Load (54.0ms)[0m  [1mSELECT `schema_migrations`.* FROM `schema_migrations`[0m
Processing by HomeController#index as HTML
  [1m[35mQuestion Load (44.6ms)[0m  SELECT `questions`.* FROM `questions`  ORDER BY `questions`.`created_at` DESC
  Rendered home/index.html.erb within layouts/application (204.9ms)
  Rendered home/_navbar.html.erb (1.0ms)
  Rendered home/_new_question_form.html.erb (1.0ms)
Completed 200 OK in 1742ms (Views: 1530.8ms | ActiveRecord: 73.6ms)


Started GET "/assets/home.self-43c776561018d81dd7b760573fa44024c0f501d98c33c0f3887ffe7373ff3cad.css?body=1" for ::1 at 2015-08-13 09:20:40 -0700


Started GET "/assets/answers.self-877aef30ae1b040ab8a3aba4e3e309a11d7f2612f44dde450b5c157aa5f95c05.js?body=1" for ::1 at 2015-08-13 09:20:40 -0700


Started GET "/assets/questions.self-e3b0c44298fc1c149afbf4c8996fb92427ae41e4649b934ca495991b7852b855.css?body=1" for ::1 at 2015-08-13 09:20:40 -0700


Started GET "/assets/home.self-b84f0ff576209eb6985d19f332dcb4c8388c7702962eed008059a695db7d8312.js?body=1" for ::1 at 2015-08-13 09:20:40 -0700


Started GET "/assets/application.self-e80e8f2318043e8af94dddc2adad5a4f09739a8ebb323b3ab31cd71d45fd9113.css?body=1" for ::1 at 2015-08-13 09:20:40 -0700


Started GET "/assets/answers.self-e3b0c44298fc1c149afbf4c8996fb92427ae41e4649b934ca495991b7852b855.css?body=1" for ::1 at 2015-08-13 09:20:40 -0700


Started GET "/assets/questions.self-877aef30ae1b040ab8a3aba4e3e309a11d7f2612f44dde450b5c157aa5f95c05.js?body=1" for ::1 at 2015-08-13 09:20:41 -0700


Started GET "/assets/application.self-3a3c8b61bda630ee689740ce7cbd0dd8ea6fdd45e2c42eef4661ab38cf268afe.js?body=1" for ::1 at 2015-08-13 09:20:41 -0700
